INFO:root:main start
INFO:root:start scraping
INFO:root:Actor added: Robert Redford
INFO:root:Actor added: Yaphet Kotto
INFO:root:Actor added: Jane Alexander
INFO:root:No age found
INFO:root:Actor added: David Keith
INFO:root:Actor added: Matt Clark (actor)
INFO:root:No age found
INFO:root:No age found
INFO:root:Actor added: M. Emmet Walsh
INFO:root:No age found
INFO:root:Actor added: Linda Haynes
INFO:root:Actor added: Everett McGill
INFO:root:No age found
INFO:root:Actor added: Morgan Freeman
INFO:root:No age found
INFO:root:No age found
INFO:root:Actor added: Wilford Brimley
INFO:root:No age found
INFO:root:No age found
INFO:root:No age found
INFO:root:Actor added: David Harris (American actor)
INFO:root:Actor added: Sissy Spacek
INFO:root:Actor added: Jeff Daniels
INFO:root:Actor added: Morgan Freeman
INFO:root:Actor added: Keith Szarabajka
INFO:root:No age found
INFO:root:Actor added: Craig Sheffer
INFO:root:Actor added: Emilio Estevez
INFO:root:Actor added: Jill Schoelen
INFO:root:Actor added: Larry B. Scott
INFO:root:Actor added: Kim Delaney
INFO:root:Actor added: Barbara Babcock
INFO:root:Actor added: Morgan Freeman
INFO:root:Actor added: Morgan Freeman
INFO:root:Actor added: Francis X. McCarthy
INFO:root:Actor added: Ramon Estevez
INFO:root:Actor added: Ramon Estevez
INFO:root:Actor added: Sharon Thomas
INFO:root:Actor added: Sharon Thomas
INFO:root:No age found
INFO:root:Actor added: Morgan Freeman
INFO:root:Actor added: Kathy Baker
INFO:root:Actor added: Mimi Rogers
INFO:root:Actor added: Andre Gregory
INFO:root:Actor added: Jay Patterson
INFO:root:Actor added: Anna Maria Horsford
INFO:root:Actor added: Matthew Broderick
INFO:root:Actor added: Denzel Washington
INFO:root:Actor added: Morgan Freeman
INFO:root:Actor added: Cary Elwes
INFO:root:Actor added: Andre Braugher
INFO:root:No age found
INFO:root:Actor added: Cliff DeYoung
INFO:root:No age found
INFO:root:Actor added: John Finn
INFO:root:Actor added: RonReaco Lee
INFO:root:Actor added: Donovan Leitch (actor)
INFO:root:Actor added: Bob Gunton
INFO:root:Actor added: Jay O. Sanders
INFO:root:No age found
INFO:root:Actor added: Richard Riehle
INFO:root:Actor added: JD Cullum
INFO:root:No age found
INFO:root:Actor added: Peter Michael Goetz
INFO:root:Actor added: Jane Alexander
INFO:root:Actor added: Morgan Freeman
INFO:root:No age found
INFO:root:Actor added: Dan Aykroyd
INFO:root:Actor added: Patti LuPone
INFO:root:No age found
INFO:root:No age found
INFO:root:No age found
INFO:root:Actor added: Crystal R. Fox
INFO:root:Actor added: Crystal R. Fox
INFO:root:Actor added: Crystal R. Fox
INFO:root:Actor added: Morgan Freeman
INFO:root:Actor added: Beverly Todd
INFO:root:No age found
INFO:root:No age found
INFO:root:Actor added: Ethan Phillips
INFO:root:No age found
INFO:root:Actor added: Robin Bartlett
INFO:root:Actor added: Michael Beach
INFO:root:Actor added: Tony Todd
INFO:root:Actor added: Tony Todd
INFO:root:Actor added: Jermaine Hopkins
INFO:root:Actor added: Jermaine Hopkins
INFO:root:Actor added: Karen Malina White
INFO:root:Actor added: Karina Arroyave
INFO:root:No age found
INFO:root:No age found
INFO:root:No age found
INFO:root:Actor added: Ivonne Coll
INFO:root:Actor added: Regina Taylor
INFO:root:Actor added: Jim Moody (actor)
INFO:root:Actor added: Mike Starr (actor)
INFO:root:Actor added: Mike Starr (actor)
INFO:root:Actor added: Michael Imperioli
INFO:root:Actor added: Michael Imperioli
INFO:root:Actor added: Michael Imperioli
INFO:root:No age found
INFO:root:No age found
INFO:root:No age found
INFO:root:No age found
INFO:root:No age found
INFO:root:No age found
INFO:root:No age found
INFO:root:Actor added: Mickey Rourke
INFO:root:Actor added: Ellen Barkin
INFO:root:Actor added: Elizabeth McGovern
INFO:root:Actor added: Morgan Freeman
INFO:root:Actor added: Forest Whitaker
INFO:root:Actor added: Lance Henriksen
INFO:root:No age found
INFO:root:Actor added: David Schramm (actor)
INFO:root:No age found
INFO:root:Actor added: Peter Jason
ERROR:root:url access fail:Not Found
INFO:root:Actor added: Jeffrey Meek
INFO:root:Actor added: Allan Graf
ERROR:root:url access fail:Not Found
ERROR:root:url access fail:Not Found
INFO:root:Actor added: Raynor Scheine
ERROR:root:url access fail:Not Found
INFO:root:No age found
INFO:root:No age found
INFO:root:Actor added: Clint Eastwood
INFO:root:Actor added: Gene Hackman
INFO:root:Actor added: Morgan Freeman
INFO:root:No age found
INFO:root:Actor added: Jaimz Woolvett
INFO:root:Actor added: Saul Rubinek
INFO:root:Actor added: Frances Fisher
INFO:root:Actor added: Anna Thomson
INFO:root:No age found
INFO:root:Actor added: Anthony James (actor)
INFO:root:No age found
INFO:root:Actor added: Shane Meier
INFO:root:No age found
INFO:root:No age found
INFO:root:No age found
INFO:root:Actor added: Lochlyn Munro
INFO:root:Actor added: Lochlyn Munro
INFO:root:Actor added: Tim Robbins
INFO:root:Actor added: Morgan Freeman
INFO:root:Actor added: Bob Gunton
INFO:root:Actor added: William Sadler (actor)
INFO:root:Actor added: Clancy Brown
INFO:root:Actor added: Gil Bellows
INFO:root:No age found
INFO:root:Actor added: Dustin Hoffman
INFO:root:Actor added: Rene Russo
INFO:root:Actor added: Morgan Freeman
INFO:root:Actor added: Donald Sutherland
INFO:root:Actor added: Kevin Spacey
INFO:root:Actor added: Cuba Gooding Jr.
INFO:root:Actor added: Patrick Dempsey
INFO:root:No age found
INFO:root:No age found
INFO:root:No age found
INFO:root:Actor added: Benito Martinez (actor)
INFO:root:Actor added: Bruce Jarchow
INFO:root:Actor added: Dale Dye
INFO:root:Actor added: Dale Dye
INFO:root:Actor added: Dale Dye
INFO:root:Actor added: Maury Sterling
INFO:root:Actor added: Maury Sterling
INFO:root:Actor added: Maury Sterling
INFO:root:Actor added: Maury Sterling
INFO:root:No age found
INFO:root:No age found
INFO:root:No age found
INFO:root:Actor added: Brad Pitt
INFO:root:Actor added: Morgan Freeman
INFO:root:Actor added: Gwyneth Paltrow
INFO:root:Actor added: Kevin Spacey
INFO:root:No age found
INFO:root:Actor added: John C. McGinley
INFO:root:Actor added: Richard Roundtree
INFO:root:Actor added: Richard Schiff
INFO:root:Actor added: Mark Boone Junior
INFO:root:No age found
INFO:root:No age found
INFO:root:Actor added: Keanu Reeves
INFO:root:Actor added: Morgan Freeman
INFO:root:Actor added: Rachel Weisz
INFO:root:Actor added: Fred Ward
INFO:root:Actor added: Kevin Dunn
INFO:root:Actor added: Brian Cox (actor)
INFO:root:Actor added: Joanna Cassidy
INFO:root:No age found
INFO:root:Actor added: Tzi Ma
INFO:root:Actor added: Krzysztof Pieczyński
INFO:root:No age found
INFO:root:Actor added: Michael Shannon
INFO:root:Profit could not be found
INFO:root:Profit could not be found
INFO:root:Actor added: Robin Wright
INFO:root:Actor added: Morgan Freeman
INFO:root:Actor added: Stockard Channing
INFO:root:Actor added: John Lynch (actor)
INFO:root:Actor added: Brenda Fricker
INFO:root:Actor added: Geraldine James
ERROR:root:url access fail:Not Found
INFO:root:No age found
ERROR:root:url access fail:Not Found
INFO:root:No age found
ERROR:root:url access fail:Not Found
INFO:root:Actor added: Maria Doyle Kennedy
INFO:root:Actor added: Morgan Freeman
INFO:root:No age found
INFO:root:Actor added: Anthony Hopkins
INFO:root:Actor added: Djimon Hounsou
INFO:root:Actor added: Matthew McConaughey
INFO:root:Actor added: David Paymer
INFO:root:No age found
INFO:root:Actor added: Stellan Skarsgård
INFO:root:Actor added: Razaaq Adoti
INFO:root:Actor added: Anna Paquin
INFO:root:Actor added: Anna Paquin
INFO:root:No age found
INFO:root:Actor added: Chiwetel Ejiofor
INFO:root:No age found
INFO:root:Actor added: Geno Silva
INFO:root:Actor added: John Ortiz
INFO:root:Actor added: Kevin J. O'Connor (actor)
INFO:root:Actor added: Ralph Brown
INFO:root:Actor added: Darren E. Burrows
INFO:root:Actor added: Allan Rich
INFO:root:Actor added: Paul Guilfoyle
INFO:root:Actor added: Peter Firth
INFO:root:Actor added: Xander Berkeley
INFO:root:Actor added: Jeremy Northam
INFO:root:Actor added: Arliss Howard
INFO:root:Actor added: Austin Pendleton
INFO:root:No age found
INFO:root:Actor added: Morgan Freeman
INFO:root:Actor added: Ashley Judd
INFO:root:Actor added: Cary Elwes
INFO:root:Actor added: Alex McArthur
INFO:root:No age found
INFO:root:Actor added: Jeremy Piven
INFO:root:Actor added: Brian Cox (actor)
INFO:root:Actor added: Jay O. Sanders
INFO:root:Actor added: Tony Goldwyn
INFO:root:No age found
INFO:root:Actor added: Roma Maffia
INFO:root:Actor added: Richard T. Jones
INFO:root:Actor added: Gina Ravera
INFO:root:No age found
INFO:root:Actor added: Tatyana Ali
INFO:root:Actor added: Anna Maria Horsford
INFO:root:No age found
INFO:root:Actor added: Robert Duvall
INFO:root:Actor added: Téa Leoni
INFO:root:Actor added: Elijah Wood
INFO:root:Actor added: Vanessa Redgrave
INFO:root:Actor added: Morgan Freeman
INFO:root:No age found
INFO:root:Actor added: James Cromwell
INFO:root:Actor added: Ron Eldard
INFO:root:Actor added: Jon Favreau
INFO:root:Actor added: Laura Innes
INFO:root:Actor added: Mary McCormack
INFO:root:Actor added: Richard Schiff
INFO:root:Actor added: Leelee Sobieski
INFO:root:Actor added: Blair Underwood
INFO:root:Actor added: Dougray Scott
INFO:root:Actor added: Aleksandr Baluev
INFO:root:Actor added: Betsy Brantley
INFO:root:Actor added: Mike O'Malley
INFO:root:Actor added: Rya Kihlstedt
INFO:root:Actor added: Charles Martin Smith
INFO:root:Actor added: Francis X. McCarthy
INFO:root:Actor added: Kurtwood Smith
INFO:root:Actor added: Denise Crosby
INFO:root:Actor added: Jason Dohring
INFO:root:No age found
INFO:root:Actor added: Renée Zellweger
INFO:root:Actor added: Morgan Freeman
INFO:root:Actor added: Chris Rock
INFO:root:Actor added: Greg Kinnear
INFO:root:Actor added: Aaron Eckhart
INFO:root:Actor added: Pruitt Taylor Vince
INFO:root:Actor added: Tia Texada
INFO:root:Actor added: Allison Janney
INFO:root:Actor added: Harriet Sansom Harris
INFO:root:Actor added: Crispin Glover
INFO:root:Actor added: Elizabeth Mitchell
INFO:root:Actor added: Kathleen Wilhoite
INFO:root:Actor added: Sheila Kelley (American actress)
INFO:root:Actor added: Christopher McDonald
INFO:root:Actor added: Morgan Freeman
INFO:root:Actor added: Monica Potter
INFO:root:Actor added: Michael Wincott
INFO:root:Actor added: Dylan Baker
INFO:root:Actor added: Mika Boorem
INFO:root:Actor added: Billy Burke (actor)
INFO:root:No age found
INFO:root:Actor added: Jay O. Sanders
INFO:root:Actor added: Michael Moriarty
INFO:root:Actor added: Penelope Ann Miller
INFO:root:Actor added: Anna Maria Horsford
INFO:root:Actor added: Ben Affleck
INFO:root:Actor added: Morgan Freeman
INFO:root:Actor added: Bridget Moynahan
INFO:root:Actor added: James Cromwell
INFO:root:Actor added: Liev Schreiber
INFO:root:Actor added: Michael Byrne (actor)
INFO:root:Actor added: Colm Feore
INFO:root:No age found
INFO:root:Actor added: Ron Rifkin
INFO:root:Actor added: Ciarán Hinds
INFO:root:Actor added: Bruce McGill
INFO:root:No age found
INFO:root:Actor added: Philip Baker Hall
INFO:root:Actor added: Josef Sommer
INFO:root:Actor added: Ken Jenkins
INFO:root:Actor added: Philip Akin
INFO:root:Actor added: John Beasley (actor)
INFO:root:Actor added: Lee Garlington
INFO:root:No age found
INFO:root:Actor added: Sven-Ole Thorsen
INFO:root:No age found
INFO:root:Actor added: Lev Prygunov
INFO:root:No age found
INFO:root:Actor added: Gregory Hlady
INFO:root:Actor added: Ashley Judd
INFO:root:Actor added: Morgan Freeman
INFO:root:Actor added: Jim Caviezel
INFO:root:Actor added: Adam Scott (actor)
INFO:root:Actor added: Amanda Peet
INFO:root:Actor added: Bruce Davison
INFO:root:Actor added: Michael Gaston
INFO:root:Actor added: Michael Gaston
INFO:root:No age found
INFO:root:Actor added: Jude Ciccolella
INFO:root:Actor added: Emilio Rivera
INFO:root:Actor added: Michael Shannon
INFO:root:Actor added: Paula Jai Parker
INFO:root:Actor added: Paula Jai Parker
INFO:root:No age found
INFO:root:No age found
INFO:root:Actor added: Jim Carrey
INFO:root:Actor added: Morgan Freeman
INFO:root:Actor added: Jennifer Aniston
INFO:root:Actor added: Lisa Ann Walter
INFO:root:Actor added: Philip Baker Hall
INFO:root:Actor added: Steve Carell
INFO:root:Actor added: Catherine Bell (actress)
INFO:root:Actor added: Sally Kirkland
INFO:root:Actor added: Nora Dunn
INFO:root:Actor added: Eddie Jemison
INFO:root:Actor added: Micah Stephen Williams
INFO:root:Actor added: Tony Bennett
INFO:root:No age found
INFO:root:No age found
INFO:root:No age found
INFO:root:No age found
INFO:root:Actor added: Clint Eastwood
INFO:root:Actor added: Hilary Swank
INFO:root:Actor added: Morgan Freeman
INFO:root:Actor added: Jay Baruchel
INFO:root:Actor added: Mike Colter
INFO:root:Actor added: Lucia Rijker
INFO:root:Actor added: Brían F. O'Byrne
INFO:root:Actor added: Anthony Mackie
INFO:root:Actor added: Margo Martindale
INFO:root:Actor added: Riki Lindhome
INFO:root:Actor added: Michael Peña
INFO:root:Actor added: Benito Martinez (actor)
INFO:root:No age found
INFO:root:No age found
INFO:root:No age found
INFO:root:No age found
INFO:root:No age found
INFO:root:No age found
INFO:root:Actor added: Jet Li
INFO:root:Actor added: Morgan Freeman
INFO:root:No age found
INFO:root:Actor added: Kerry Condon
INFO:root:Actor added: Vincent Regan
INFO:root:Actor added: Tamer Hassan
INFO:root:Actor added: Tamer Hassan
INFO:root:Actor added: Scott Adkins
INFO:root:Actor added: Scott Adkins
INFO:root:Actor added: Scott Adkins
ERROR:root:url access fail:Not Found
ERROR:root:url access fail:Not Found
INFO:root:Actor added: Robert Redford
INFO:root:Actor added: Jennifer Lopez
INFO:root:Actor added: Morgan Freeman
INFO:root:Actor added: Josh Lucas
INFO:root:Actor added: Lynda Boyd
INFO:root:Actor added: Damian Lewis
INFO:root:Actor added: Camryn Manheim
INFO:root:Actor added: Bart the Bear 2
INFO:root:Actor added: Bart the Bear 2
INFO:root:Actor added: Bart the Bear 2
INFO:root:Actor added: Christian Bale
INFO:root:Actor added: Josh Hartnett
INFO:root:Actor added: Bruce Willis
INFO:root:Actor added: Lucy Liu
INFO:root:Actor added: Morgan Freeman
INFO:root:Actor added: Ben Kingsley
INFO:root:Actor added: Stanley Tucci
INFO:root:Actor added: Peter Outerbridge
INFO:root:Actor added: Peter Outerbridge
INFO:root:Actor added: Kevin Chamberlin
INFO:root:Actor added: Dorian Missick
INFO:root:No age found
INFO:root:Actor added: Sam Jaeger
INFO:root:Actor added: Sam Jaeger
INFO:root:Actor added: Danny Aiello
INFO:root:Actor added: Corey Stoll
INFO:root:Actor added: Robert Forster
INFO:root:No age found
INFO:root:Actor added: Morgan Freeman
INFO:root:Actor added: Paz Vega
INFO:root:No age found
INFO:root:Actor added: Jonah Hill
INFO:root:Actor added: Anne Dudek
INFO:root:Actor added: Bobby Cannavale
ERROR:root:url access fail:Not Found
INFO:root:Actor added: Jim Parsons
INFO:root:Actor added: Danny DeVito
INFO:root:Actor added: Rhea Perlman
INFO:root:Actor added: Steve Carell
INFO:root:Actor added: Morgan Freeman
INFO:root:Actor added: Lauren Graham
INFO:root:Actor added: John Goodman
INFO:root:Actor added: Johnny Simmons
INFO:root:Actor added: Graham Phillips (actor)
INFO:root:Actor added: Jimmy Bennett
INFO:root:Actor added: Wanda Sykes
INFO:root:Actor added: John Michael Higgins
INFO:root:Actor added: Jonah Hill
INFO:root:Actor added: Molly Shannon
INFO:root:No age found
INFO:root:Actor added: Jon Stewart
INFO:root:Actor added: Catherine Bell (actress)
INFO:root:Actor added: Dean Norris
INFO:root:Actor added: Maile Flanagan
INFO:root:Actor added: Lisa Arch
INFO:root:Actor added: David Barrera
INFO:root:Actor added: Jim Doughan
INFO:root:Actor added: Jim Doughan
INFO:root:Actor added: Bart the Bear 2
INFO:root:Actor added: Bart the Bear 2
INFO:root:Actor added: Bart the Bear 2
INFO:root:Actor added: Casey Affleck
INFO:root:Actor added: Michelle Monaghan
INFO:root:Actor added: Morgan Freeman
INFO:root:Actor added: Ed Harris
INFO:root:Actor added: John Ashton (actor)
INFO:root:Actor added: Amy Ryan
INFO:root:Actor added: Amy Madigan
INFO:root:Actor added: Amy Madigan
INFO:root:Actor added: Titus Welliver
INFO:root:No age found
INFO:root:Actor added: Edi Gathegi
INFO:root:Actor added: Mark Margolis
INFO:root:Actor added: Michael K. Williams
INFO:root:No age found
INFO:root:Actor added: Jack Nicholson
INFO:root:Actor added: Morgan Freeman
INFO:root:Actor added: Sean Hayes (actor)
INFO:root:Actor added: Beverly Todd
INFO:root:Actor added: Rob Morrow
INFO:root:Actor added: Alfonso Freeman
INFO:root:Actor added: Rowena King
ERROR:root:url access fail:Not Found
INFO:root:No age found
ERROR:root:url access fail:Not Found
ERROR:root:url access fail:Not Found
ERROR:root:url access fail:Not Found
INFO:root:No age found
INFO:root:Actor added: Ian Anthony Dale
INFO:root:No age found
ERROR:root:url access fail:Not Found
ERROR:root:url access fail:Not Found
INFO:root:Actor added: Jordan Lund
INFO:root:Actor added: Jonathan Mangum
ERROR:root:url access fail:Not Found
INFO:root:Actor added: Alex Trebek
ERROR:root:url access fail:Not Found
INFO:root:No age found
INFO:root:Actor added: Morgan Freeman
INFO:root:Actor added: Greg Kinnear
INFO:root:Actor added: Radha Mitchell
INFO:root:Actor added: Billy Burke (actor)
INFO:root:Actor added: Selma Blair
INFO:root:Actor added: Alexa Davalos
INFO:root:Actor added: Toby Hemingway
INFO:root:Actor added: Jane Alexander
INFO:root:Actor added: Fred Ward
INFO:root:Actor added: Stana Katic
INFO:root:Actor added: Erika Marozsán
INFO:root:Actor added: Margo Martindale
INFO:root:Actor added: James McAvoy
INFO:root:Actor added: Morgan Freeman
INFO:root:Actor added: Terence Stamp
INFO:root:Actor added: Thomas Kretschmann
INFO:root:Actor added: Common (rapper)
INFO:root:Actor added: Angelina Jolie
INFO:root:Actor added: Christian Bale
INFO:root:Actor added: Morgan Freeman
INFO:root:Actor added: Matt Damon
INFO:root:No age found
INFO:root:Actor added: Adjoa Andoh
INFO:root:Actor added: Julian Lewis Jones
INFO:root:Actor added: Leleti Khumalo
INFO:root:Actor added: Leleti Khumalo
INFO:root:Actor added: Leleti Khumalo
INFO:root:Actor added: Leleti Khumalo
INFO:root:Actor added: Leleti Khumalo
INFO:root:Actor added: McNeil Hendricks
INFO:root:Actor added: Scott Eastwood
INFO:root:Actor added: Isaac Fe'aunati
INFO:root:No age found
INFO:root:Actor added: Naka Drotské
INFO:root:Actor added: Rudolf Straeuli
INFO:root:Actor added: Robin B. Smith
INFO:root:No age found
INFO:root:Actor added: Kobus Wiese
INFO:root:Actor added: Sean Cameron Michael
INFO:root:Actor added: Sean Cameron Michael
INFO:root:No age found
INFO:root:Actor added: Bonnie Mbuli
INFO:root:Actor added: Hennie Bosman
INFO:root:Actor added: Hennie Bosman
INFO:root:Actor added: Hennie Bosman
INFO:root:Actor added: Bruce Willis
INFO:root:Actor added: Morgan Freeman
INFO:root:Actor added: John Malkovich
INFO:root:Actor added: Helen Mirren
INFO:root:Actor added: Karl Urban
INFO:root:Actor added: Mary-Louise Parker
INFO:root:Actor added: Rebecca Pidgeon
INFO:root:Actor added: Brian Cox (actor)
INFO:root:Actor added: Richard Dreyfuss
INFO:root:Actor added: Julian McMahon
INFO:root:No age found
INFO:root:Actor added: James Remar
INFO:root:Actor added: Nathan Gamble
INFO:root:No age found
INFO:root:Actor added: Harry Connick Jr.
INFO:root:Actor added: Ashley Judd
INFO:root:Actor added: Kris Kristofferson
INFO:root:Actor added: Morgan Freeman
INFO:root:No age found
INFO:root:Actor added: Jim Fitzpatrick (actor)
INFO:root:Actor added: Cozi Zuehlsdorff
INFO:root:Actor added: Ray McKinnon (actor)
INFO:root:Actor added: Austin Stowell
ERROR:root:url access fail:Not Found
INFO:root:Actor added: Frances Sternhagen
ERROR:root:url access fail:Not Found
ERROR:root:url access fail:Not Found
INFO:root:Actor added: Juliana Harkavy
ERROR:root:url access fail:Not Found
INFO:root:No age found
INFO:root:Actor added: Christian Bale
INFO:root:Actor added: Morgan Freeman
INFO:root:Actor added: Virginia Madsen
INFO:root:Actor added: Emma Fuhrmann
INFO:root:Actor added: Madeline Carroll
INFO:root:Actor added: Nicolette Pierini
INFO:root:Actor added: Kenan Thompson
INFO:root:Actor added: Kevin Pollak
INFO:root:Actor added: Fred Willard
INFO:root:Actor added: Jessica Hecht
INFO:root:Actor added: Jessica Hecht
INFO:root:Actor added: Boyd Holbrook
INFO:root:Actor added: Gerard Butler
INFO:root:Actor added: Aaron Eckhart
INFO:root:Actor added: Morgan Freeman
INFO:root:Actor added: Angela Bassett
INFO:root:Actor added: Rick Yune
INFO:root:Actor added: Dylan McDermott
INFO:root:Actor added: Melissa Leo
INFO:root:Actor added: Melissa Leo
INFO:root:Actor added: Robert Forster
INFO:root:Actor added: Ashley Judd
INFO:root:Actor added: Cole Hauser
INFO:root:Actor added: Radha Mitchell
INFO:root:Actor added: Sean O'Bryan
INFO:root:Actor added: Lance Broadway
INFO:root:No age found
INFO:root:No age found
INFO:root:No age found
INFO:root:No age found
INFO:root:No age found
INFO:root:No age found
INFO:root:No age found
INFO:root:No age found
INFO:root:Actor added: Tom Cruise
INFO:root:Actor added: Morgan Freeman
INFO:root:Actor added: Olga Kurylenko
INFO:root:Actor added: Andrea Riseborough
INFO:root:Actor added: Nikolaj Coster-Waldau
INFO:root:Actor added: Melissa Leo
INFO:root:Actor added: Zoë Bell
INFO:root:Actor added: Jesse Eisenberg
INFO:root:Actor added: Mark Ruffalo
INFO:root:Actor added: Mélanie Laurent
INFO:root:Actor added: Woody Harrelson
INFO:root:Actor added: Isla Fisher
INFO:root:Actor added: Morgan Freeman
INFO:root:Actor added: Dave Franco
INFO:root:Actor added: Michael Caine
INFO:root:Actor added: David Warshofsky
INFO:root:Actor added: Michael Kelly (actor)
INFO:root:Actor added: Common (rapper)
INFO:root:Actor added: José Garcia (actor)
INFO:root:Actor added: Caitriona Balfe
INFO:root:Actor added: Elias Koteas
INFO:root:Actor added: Conan O'Brien
INFO:root:Actor added: Michael Douglas
INFO:root:Actor added: Robert De Niro
INFO:root:Actor added: Morgan Freeman
INFO:root:Actor added: Kevin Kline
INFO:root:Actor added: Mary Steenburgen
INFO:root:Actor added: Jerry Ferrara
INFO:root:Actor added: Romany Malco
INFO:root:Actor added: Roger Bart
INFO:root:Actor added: Joanna Gleason
INFO:root:Actor added: Michael Ealy
INFO:root:Actor added: Bre Blair
INFO:root:Actor added: Redfoo
INFO:root:Actor added: Redfoo
INFO:root:Actor added: Redfoo
INFO:root:Actor added: 50 Cent
INFO:root:Actor added: Chris Pratt
INFO:root:Actor added: Will Ferrell
INFO:root:No age found
INFO:root:Actor added: Elizabeth Banks
INFO:root:Actor added: Will Arnett
INFO:root:Actor added: Nick Offerman
INFO:root:Actor added: Alison Brie
INFO:root:Actor added: Charlie Day
INFO:root:Actor added: Liam Neeson
INFO:root:No age found
INFO:root:Actor added: Morgan Freeman
INFO:root:Actor added: Channing Tatum
INFO:root:Actor added: Jonah Hill
INFO:root:Actor added: Cobie Smulders
INFO:root:No age found
INFO:root:No age found
INFO:root:Actor added: Johnny Depp
INFO:root:Actor added: Rebecca Hall
INFO:root:Actor added: Paul Bettany
INFO:root:Actor added: Kate Mara
INFO:root:Actor added: Cillian Murphy
INFO:root:Actor added: Cole Hauser
INFO:root:Actor added: Morgan Freeman
INFO:root:Actor added: Xander Berkeley
INFO:root:Actor added: Clifton Collins Jr.
INFO:root:Actor added: Cory Hardrict
INFO:root:Actor added: Josh Stewart
INFO:root:No age found
INFO:root:Actor added: Scarlett Johansson
INFO:root:No age found
INFO:root:No age found
INFO:root:Actor added: Harry Connick Jr.
INFO:root:Actor added: Ashley Judd
INFO:root:Actor added: Kris Kristofferson
INFO:root:Actor added: Nathan Gamble
INFO:root:Actor added: Cozi Zuehlsdorff
INFO:root:Actor added: Morgan Freeman
INFO:root:Actor added: Bethany Hamilton
INFO:root:Actor added: Austin Stowell
INFO:root:Actor added: Austin Stowell
INFO:root:Actor added: Austin Stowell
INFO:root:Actor added: Juliana Harkavy
INFO:root:Actor added: Carlos Gómez (actor)
INFO:root:Actor added: Carlos Gómez (actor)
INFO:root:Actor added: Carlos Gómez (actor)
INFO:root:Actor added: Carlos Gómez (actor)
INFO:root:Actor added: Carlos Gómez (actor)
INFO:root:No age found
INFO:root:No age found
ERROR:root:url access fail:Not Found
INFO:root:Actor added: Charles Martin Smith
INFO:root:Actor added: Olga Kurylenko
INFO:root:Actor added: James Purefoy
INFO:root:No age found
INFO:root:No age found
INFO:root:Actor added: Morgan Freeman
INFO:root:Actor added: Karl Otto Thaning
ERROR:root:url access fail:Not Found
INFO:root:Actor added: Mark Wahlberg
INFO:root:Actor added: Seth MacFarlane
INFO:root:Actor added: Amanda Seyfried
INFO:root:No age found
INFO:root:Actor added: Giovanni Ribisi
INFO:root:Actor added: Morgan Freeman
INFO:root:Actor added: John Slattery
INFO:root:Actor added: Patrick Warburton
INFO:root:Actor added: Michael Dorn
INFO:root:Actor added: Bill Smitrovich
INFO:root:No age found
INFO:root:Actor added: John Carroll Lynch
INFO:root:Actor added: Ron Canada
INFO:root:Actor added: Jessica Szohr
INFO:root:Actor added: Tara Strong
INFO:root:Actor added: Sam J. Jones
INFO:root:Actor added: Sebastian Arcelus
INFO:root:Actor added: Tom Brady
INFO:root:Actor added: Dennis Haysbert
INFO:root:Actor added: Taran Killam
INFO:root:Actor added: Jimmy Kimmel
INFO:root:Actor added: Jay Leno
INFO:root:Actor added: Kate McKinnon
INFO:root:Actor added: Bobby Moynihan
INFO:root:Actor added: Liam Neeson
INFO:root:Actor added: Lenny Clarke
INFO:root:Actor added: Patrick Stewart
INFO:root:Actor added: Curtis Stigers
INFO:root:Actor added: Nana Visitor
INFO:root:Actor added: Ralph Garman
INFO:root:Actor added: Gerard Butler
INFO:root:Actor added: Aaron Eckhart
INFO:root:Actor added: Morgan Freeman
INFO:root:Actor added: Alon Abutbul
INFO:root:Actor added: Angela Bassett
INFO:root:Actor added: Robert Forster
INFO:root:Actor added: Melissa Leo
INFO:root:Actor added: Radha Mitchell
INFO:root:Actor added: Charlotte Riley
INFO:root:Actor added: Jackie Earle Haley
INFO:root:Actor added: Sean O'Bryan
INFO:root:Actor added: Waleed Zuaiter
INFO:root:Actor added: Mehdi Dehbi
INFO:root:Actor added: Colin Salmon
INFO:root:Actor added: Patrick Kennedy (actor)
INFO:root:Actor added: Bryan Larkin
INFO:root:Actor added: Adel Bencherif
INFO:root:No age found
INFO:root:Actor added: Andrew Pleavin
INFO:root:Actor added: Deborah Grant
INFO:root:No age found
INFO:root:No age found
INFO:root:No age found
INFO:root:No age found
INFO:root:Actor added: Chancellor of Germany
INFO:root:Actor added: Nigel Whitmey
INFO:root:No age found
INFO:root:Actor added: Jesse Eisenberg
INFO:root:Actor added: Mark Ruffalo
INFO:root:Actor added: Woody Harrelson
INFO:root:Actor added: Dave Franco
INFO:root:Actor added: Daniel Radcliffe
INFO:root:Actor added: Lizzy Caplan
INFO:root:Actor added: Morgan Freeman
INFO:root:Actor added: Jay Chou
INFO:root:Actor added: Sanaa Lathan
INFO:root:Actor added: Michael Caine
INFO:root:Actor added: Henry Lloyd-Hughes
INFO:root:Actor added: David Warshofsky
INFO:root:Actor added: David Warshofsky
INFO:root:Actor added: Dino Fetscher
INFO:root:Actor added: Tsai Chin (actress)
INFO:root:No age found
INFO:root:Actor added: Isla Fisher
INFO:root:Actor added: Isla Fisher
INFO:root:Actor added: Isla Fisher
INFO:root:Actor added: Isla Fisher
INFO:root:Actor added: Isla Fisher
ERROR:root:url access fail:Not Found
INFO:root:Actor added: Michael Caine
INFO:root:Actor added: Morgan Freeman
INFO:root:Actor added: Alan Arkin
INFO:root:Actor added: Matt Dillon
INFO:root:Actor added: Ann-Margret
INFO:root:Actor added: Christopher Lloyd
INFO:root:Actor added: Joey King
INFO:root:Actor added: John Ortiz
INFO:root:Actor added: Peter Serafinowicz
INFO:root:Actor added: Josh Pais
INFO:root:Actor added: Maria Dizzia
INFO:root:Actor added: Kenan Thompson
INFO:root:Actor added: Siobhan Fallon Hogan
INFO:root:Actor added: Siobhan Fallon Hogan
INFO:root:Actor added: Siobhan Fallon Hogan
INFO:root:No age found
INFO:root:No age found
INFO:root:No age found
INFO:root:No age found
INFO:root:Actor added: Robert Redford
INFO:root:Actor added: Yaphet Kotto
INFO:root:Actor added: Jane Alexander
INFO:root:No age found
INFO:root:Actor added: David Keith
INFO:root:Actor added: Matt Clark (actor)
INFO:root:No age found
INFO:root:No age found
INFO:root:Actor added: M. Emmet Walsh
INFO:root:No age found
INFO:root:Actor added: Linda Haynes
INFO:root:Actor added: Everett McGill
INFO:root:No age found
INFO:root:Actor added: Morgan Freeman
INFO:root:No age found
INFO:root:No age found
INFO:root:Actor added: Wilford Brimley
INFO:root:No age found
INFO:root:No age found
INFO:root:No age found
INFO:root:Actor added: David Harris (American actor)
ERROR:root:value error of year
INFO:root:Profit could not be found
ERROR:root:value error of year
INFO:root:Profit could not be found
ERROR:root:value error of year
INFO:root:Profit could not be found
ERROR:root:value error of year
INFO:root:Profit could not be found
ERROR:root:value error of year
INFO:root:Profit could not be found
ERROR:root:value error of year
INFO:root:Profit could not be found
ERROR:root:url access fail:[Errno 8] nodename nor servname provided, or not known
ERROR:root:url access fail:[Errno 8] nodename nor servname provided, or not known
ERROR:root:url access fail:[Errno 8] nodename nor servname provided, or not known
ERROR:root:url access fail:[Errno 8] nodename nor servname provided, or not known
INFO:root:Profit could not be found
INFO:root:Profit could not be found
INFO:root:No age found
INFO:root:No age found
INFO:root:No age found
INFO:root:No age found
INFO:root:No age found
INFO:root:No age found
INFO:root:No age found
INFO:root:No age found
INFO:root:No age found
INFO:root:Actor added: Lenka Peterson
ERROR:root:url access fail:[Errno 8] nodename nor servname provided, or not known
ERROR:root:url access fail:[Errno 8] nodename nor servname provided, or not known
INFO:root:Actor added: Richard Gere
INFO:root:Actor added: Lisa Eichhorn
INFO:root:Actor added: Vanessa Redgrave
INFO:root:Actor added: William Devane
INFO:root:No age found
INFO:root:No age found
INFO:root:No age found
INFO:root:No age found
INFO:root:Actor added: Derek Thompson (actor)
INFO:root:No age found
INFO:root:Profit could not be found
INFO:root:Profit could not be found
ERROR:root:url access fail:[Errno 8] nodename nor servname provided, or not known
ERROR:root:url access fail:[Errno 8] nodename nor servname provided, or not known
INFO:root:Profit could not be found
INFO:root:Profit could not be found
ERROR:root:url access fail:[Errno 8] nodename nor servname provided, or not known
ERROR:root:url access fail:[Errno 8] nodename nor servname provided, or not known
ERROR:root:url access fail:[Errno 8] nodename nor servname provided, or not known
ERROR:root:url access fail:[Errno 8] nodename nor servname provided, or not known
ERROR:root:url access fail:[Errno 8] nodename nor servname provided, or not known
ERROR:root:url access fail:[Errno 8] nodename nor servname provided, or not known
ERROR:root:url access fail:[Errno 8] nodename nor servname provided, or not known
ERROR:root:url access fail:[Errno 8] nodename nor servname provided, or not known
ERROR:root:url access fail:[Errno 8] nodename nor servname provided, or not known
ERROR:root:url access fail:[Errno 8] nodename nor servname provided, or not known
ERROR:root:url access fail:[Errno 8] nodename nor servname provided, or not known
ERROR:root:value error of year
INFO:root:Profit could not be found
ERROR:root:value error of year
INFO:root:Profit could not be found
INFO:root:Profit could not be found
INFO:root:Profit could not be found
ERROR:root:url access fail:[Errno 8] nodename nor servname provided, or not known
ERROR:root:url access fail:[Errno 8] nodename nor servname provided, or not known
ERROR:root:url access fail:[Errno 8] nodename nor servname provided, or not known
ERROR:root:url access fail:[Errno 8] nodename nor servname provided, or not known
ERROR:root:url access fail:[Errno 8] nodename nor servname provided, or not known
INFO:root:Actor added: Christopher Walken
INFO:root:Actor added: Brooke Adams (actress)
INFO:root:Actor added: Tom Skerritt
INFO:root:No age found
INFO:root:Actor added: Anthony Zerbe
INFO:root:No age found
INFO:root:Actor added: Martin Sheen
INFO:root:Actor added: Nicholas Campbell
INFO:root:No age found
INFO:root:No age found
INFO:root:Profit could not be found
INFO:root:Profit could not be found
ERROR:root:url access fail:[Errno 8] nodename nor servname provided, or not known
ERROR:root:url access fail:[Errno 8] nodename nor servname provided, or not known
ERROR:root:url access fail:[Errno 8] nodename nor servname provided, or not known
ERROR:root:url access fail:[Errno 8] nodename nor servname provided, or not known
ERROR:root:url access fail:[Errno 8] nodename nor servname provided, or not known
INFO:root:Actor added: Sally Field
INFO:root:Actor added: Lindsay Crouse
INFO:root:Actor added: Danny Glover
INFO:root:Actor added: John Malkovich
INFO:root:Actor added: Ed Harris
INFO:root:Actor added: Ray Baker (actor)
INFO:root:Actor added: Amy Madigan
INFO:root:No age found
INFO:root:No age found
INFO:root:No age found
INFO:root:Actor added: Terry O'Quinn
INFO:root:No age found
INFO:root:Actor added: Jay Patterson
INFO:root:Actor added: Toni Hudson
INFO:root:Actor added: De'voreaux White
INFO:root:No age found
ERROR:root:url access fail:[Errno 8] nodename nor servname provided, or not known
ERROR:root:url access fail:[Errno 8] nodename nor servname provided, or not known
ERROR:root:url access fail:[Errno 8] nodename nor servname provided, or not known
ERROR:root:url access fail:[Errno 8] nodename nor servname provided, or not known
ERROR:root:url access fail:[Errno 8] nodename nor servname provided, or not known
ERROR:root:url access fail:[Errno 8] nodename nor servname provided, or not known
ERROR:root:url access fail:[Errno 8] nodename nor servname provided, or not known
ERROR:root:url access fail:[Errno 8] nodename nor servname provided, or not known
ERROR:root:url access fail:[Errno 8] nodename nor servname provided, or not known
ERROR:root:url access fail:[Errno 8] nodename nor servname provided, or not known
ERROR:root:url access fail:[Errno 8] nodename nor servname provided, or not known
ERROR:root:url access fail:[Errno 8] nodename nor servname provided, or not known
ERROR:root:url access fail:[Errno 8] nodename nor servname provided, or not known
ERROR:root:url access fail:[Errno 8] nodename nor servname provided, or not known
ERROR:root:url access fail:[Errno 8] nodename nor servname provided, or not known
ERROR:root:url access fail:[Errno 8] nodename nor servname provided, or not known
ERROR:root:url access fail:[Errno 8] nodename nor servname provided, or not known
ERROR:root:url access fail:[Errno 8] nodename nor servname provided, or not known
ERROR:root:url access fail:[Errno 8] nodename nor servname provided, or not known
ERROR:root:url access fail:[Errno 8] nodename nor servname provided, or not known
ERROR:root:url access fail:[Errno 8] nodename nor servname provided, or not known
ERROR:root:url access fail:[Errno 8] nodename nor servname provided, or not known
ERROR:root:url access fail:[Errno 8] nodename nor servname provided, or not known
ERROR:root:url access fail:[Errno 8] nodename nor servname provided, or not known
ERROR:root:url access fail:[Errno 8] nodename nor servname provided, or not known
ERROR:root:url access fail:[Errno 8] nodename nor servname provided, or not known
ERROR:root:url access fail:[Errno 8] nodename nor servname provided, or not known
ERROR:root:url access fail:[Errno 8] nodename nor servname provided, or not known
ERROR:root:url access fail:[Errno 8] nodename nor servname provided, or not known
INFO:root:Profit could not be found
INFO:root:Profit could not be found
ERROR:root:url access fail:[Errno 8] nodename nor servname provided, or not known
ERROR:root:value error of year
INFO:root:Profit could not be found
ERROR:root:value error of year
INFO:root:Profit could not be found
ERROR:root:url access fail:[Errno 8] nodename nor servname provided, or not known
ERROR:root:url access fail:[Errno 8] nodename nor servname provided, or not known
ERROR:root:url access fail:[Errno 8] nodename nor servname provided, or not known
ERROR:root:url access fail:[Errno 8] nodename nor servname provided, or not known
ERROR:root:url access fail:[Errno 8] nodename nor servname provided, or not known
ERROR:root:url access fail:[Errno 8] nodename nor servname provided, or not known
ERROR:root:url access fail:[Errno 8] nodename nor servname provided, or not known
ERROR:root:url access fail:[Errno 8] nodename nor servname provided, or not known
ERROR:root:url access fail:[Errno 8] nodename nor servname provided, or not known
ERROR:root:url access fail:[Errno 8] nodename nor servname provided, or not known
INFO:root:Profit could not be found
INFO:root:Profit could not be found
ERROR:root:url access fail:[Errno 8] nodename nor servname provided, or not known
INFO:root:Actor added: Sidney Poitier
INFO:root:Actor added: Joanna Shimkus
INFO:root:No age found
INFO:root:No age found
INFO:root:No age found
INFO:root:Actor added: David Steinberg
INFO:root:No age found
INFO:root:Actor added: Beverly Todd
INFO:root:No age found
INFO:root:No age found
INFO:root:Profit could not be found
INFO:root:Profit could not be found
ERROR:root:url access fail:[Errno 8] nodename nor servname provided, or not known
ERROR:root:url access fail:[Errno 8] nodename nor servname provided, or not known
INFO:root:Actor added: Cher
INFO:root:Actor added: Dennis Quaid
INFO:root:Actor added: Liam Neeson
INFO:root:No age found
INFO:root:Actor added: Joe Mantegna
INFO:root:Actor added: Philip Bosco
INFO:root:Actor added: Fred Melamed
INFO:root:Actor added: Bernie McInerney
INFO:root:Actor added: Bill Cobbs
INFO:root:Actor added: Richard Gant
INFO:root:No age found
INFO:root:Actor added: Michael Beach
INFO:root:No age found
INFO:root:No age found
ERROR:root:url access fail:[Errno 8] nodename nor servname provided, or not known
ERROR:root:url access fail:[Errno 8] nodename nor servname provided, or not known
ERROR:root:url access fail:[Errno 8] nodename nor servname provided, or not known
ERROR:root:url access fail:[Errno 8] nodename nor servname provided, or not known
ERROR:root:url access fail:[Errno 8] nodename nor servname provided, or not known
ERROR:root:url access fail:[Errno 8] nodename nor servname provided, or not known
ERROR:root:url access fail:[Errno 8] nodename nor servname provided, or not known
ERROR:root:url access fail:[Errno 8] nodename nor servname provided, or not known
INFO:root:Profit could not be found
INFO:root:Profit could not be found
ERROR:root:url access fail:[Errno 8] nodename nor servname provided, or not known
ERROR:root:url access fail:[Errno 8] nodename nor servname provided, or not known
ERROR:root:url access fail:[Errno 8] nodename nor servname provided, or not known
ERROR:root:url access fail:[Errno 8] nodename nor servname provided, or not known
ERROR:root:url access fail:[Errno 8] nodename nor servname provided, or not known
ERROR:root:url access fail:[Errno 8] nodename nor servname provided, or not known
ERROR:root:url access fail:[Errno 8] nodename nor servname provided, or not known
ERROR:root:url access fail:[Errno 8] nodename nor servname provided, or not known
ERROR:root:url access fail:[Errno 8] nodename nor servname provided, or not known
ERROR:root:url access fail:[Errno 8] nodename nor servname provided, or not known
ERROR:root:url access fail:[Errno 8] nodename nor servname provided, or not known
ERROR:root:url access fail:[Errno 8] nodename nor servname provided, or not known
ERROR:root:url access fail:[Errno 8] nodename nor servname provided, or not known
ERROR:root:url access fail:[Errno 8] nodename nor servname provided, or not known
ERROR:root:url access fail:[Errno 8] nodename nor servname provided, or not known
ERROR:root:url access fail:[Errno 8] nodename nor servname provided, or not known
ERROR:root:url access fail:[Errno 8] nodename nor servname provided, or not known
ERROR:root:url access fail:[Errno 8] nodename nor servname provided, or not known
ERROR:root:url access fail:[Errno 8] nodename nor servname provided, or not known
ERROR:root:value error of year
INFO:root:Profit could not be found
ERROR:root:value error of year
INFO:root:Profit could not be found
ERROR:root:url access fail:[Errno 8] nodename nor servname provided, or not known
ERROR:root:url access fail:[Errno 8] nodename nor servname provided, or not known
ERROR:root:url access fail:[Errno 8] nodename nor servname provided, or not known
ERROR:root:url access fail:[Errno 8] nodename nor servname provided, or not known
ERROR:root:url access fail:[Errno 8] nodename nor servname provided, or not known
ERROR:root:url access fail:[Errno 8] nodename nor servname provided, or not known
ERROR:root:url access fail:[Errno 8] nodename nor servname provided, or not known
ERROR:root:url access fail:[Errno 8] nodename nor servname provided, or not known
ERROR:root:url access fail:[Errno 8] nodename nor servname provided, or not known
ERROR:root:url access fail:[Errno 8] nodename nor servname provided, or not known
ERROR:root:value error of year
INFO:root:Profit could not be found
ERROR:root:value error of year
INFO:root:Profit could not be found
INFO:root:Profit could not be found
INFO:root:Profit could not be found
INFO:root:Actor added: Susan Sarandon
INFO:root:Actor added: David Steinberg
INFO:root:No age found
INFO:root:No age found
INFO:root:Actor added: Joe Grifasi
INFO:root:No age found
INFO:root:Profit could not be found
INFO:root:Profit could not be found
ERROR:root:url access fail:[Errno 8] nodename nor servname provided, or not known
ERROR:root:url access fail:[Errno 8] nodename nor servname provided, or not known
ERROR:root:url access fail:[Errno 8] nodename nor servname provided, or not known
ERROR:root:url access fail:[Errno 8] nodename nor servname provided, or not known
ERROR:root:url access fail:[Errno 8] nodename nor servname provided, or not known
ERROR:root:url access fail:[Errno 8] nodename nor servname provided, or not known
ERROR:root:url access fail:[Errno 8] nodename nor servname provided, or not known
ERROR:root:value error of year
INFO:root:Profit could not be found
ERROR:root:value error of year
INFO:root:Profit could not be found
INFO:root:Actor added: Clint Eastwood
INFO:root:Actor added: Bernadette Peters
INFO:root:Actor added: Timothy Carhart
INFO:root:Actor added: Michael Des Barres
INFO:root:No age found
ERROR:root:url access fail:[Errno 8] nodename nor servname provided, or not known
ERROR:root:url access fail:Not Found
INFO:root:Actor added: Clint Eastwood
INFO:root:Actor added: Gene Hackman
INFO:root:Actor added: Morgan Freeman
INFO:root:No age found
INFO:root:Actor added: Jaimz Woolvett
INFO:root:Actor added: Saul Rubinek
INFO:root:Actor added: Frances Fisher
INFO:root:Actor added: Anna Thomson
INFO:root:No age found
INFO:root:Actor added: Anthony James (actor)
INFO:root:No age found
INFO:root:Actor added: Shane Meier
INFO:root:No age found
INFO:root:No age found
INFO:root:No age found
INFO:root:Actor added: Lochlyn Munro
INFO:root:Actor added: Lochlyn Munro
ERROR:root:url access fail:[Errno 8] nodename nor servname provided, or not known
ERROR:root:url access fail:[Errno 8] nodename nor servname provided, or not known
ERROR:root:url access fail:[Errno 8] nodename nor servname provided, or not known
ERROR:root:url access fail:[Errno 8] nodename nor servname provided, or not known
ERROR:root:url access fail:[Errno 8] nodename nor servname provided, or not known
ERROR:root:url access fail:[Errno 8] nodename nor servname provided, or not known
ERROR:root:url access fail:[Errno 8] nodename nor servname provided, or not known
ERROR:root:value error of year
INFO:root:Profit could not be found
ERROR:root:value error of year
INFO:root:Profit could not be found
INFO:root:Profit could not be found
INFO:root:Profit could not be found
ERROR:root:url access fail:[Errno 8] nodename nor servname provided, or not known
ERROR:root:url access fail:[Errno 8] nodename nor servname provided, or not known
ERROR:root:url access fail:[Errno 8] nodename nor servname provided, or not known
ERROR:root:url access fail:[Errno 8] nodename nor servname provided, or not known
ERROR:root:url access fail:[Errno 8] nodename nor servname provided, or not known
ERROR:root:url access fail:[Errno 8] nodename nor servname provided, or not known
ERROR:root:url access fail:[Errno 8] nodename nor servname provided, or not known
ERROR:root:url access fail:[Errno 8] nodename nor servname provided, or not known
ERROR:root:url access fail:[Errno 8] nodename nor servname provided, or not known
ERROR:root:url access fail:[Errno 8] nodename nor servname provided, or not known
ERROR:root:url access fail:[Errno 8] nodename nor servname provided, or not known
ERROR:root:url access fail:[Errno 8] nodename nor servname provided, or not known
ERROR:root:url access fail:[Errno 8] nodename nor servname provided, or not known
ERROR:root:url access fail:[Errno 8] nodename nor servname provided, or not known
ERROR:root:url access fail:[Errno 8] nodename nor servname provided, or not known
ERROR:root:url access fail:[Errno 8] nodename nor servname provided, or not known
ERROR:root:url access fail:[Errno 8] nodename nor servname provided, or not known
ERROR:root:value error of year
INFO:root:Profit could not be found
ERROR:root:value error of year
INFO:root:Profit could not be found
ERROR:root:url access fail:[Errno 8] nodename nor servname provided, or not known
INFO:root:Actor added: Susan Sarandon
INFO:root:Actor added: Geena Davis
INFO:root:Actor added: Harvey Keitel
INFO:root:Actor added: Michael Madsen
INFO:root:Actor added: Christopher McDonald
INFO:root:Actor added: Stephen Tobolowsky
INFO:root:Actor added: Brad Pitt
INFO:root:Actor added: Timothy Carhart
INFO:root:Actor added: Jason Beghe
INFO:root:Actor added: Marco St. John
INFO:root:Profit could not be found
INFO:root:Profit could not be found
ERROR:root:url access fail:[Errno 8] nodename nor servname provided, or not known
ERROR:root:url access fail:[Errno 8] nodename nor servname provided, or not known
ERROR:root:url access fail:[Errno 8] nodename nor servname provided, or not known
INFO:root:Actor added: Richard Roundtree
INFO:root:Actor added: Richard Roundtree
INFO:root:Actor added: Richard Roundtree
INFO:root:Actor added: Richard Roundtree
INFO:root:Actor added: Richard Roundtree
INFO:root:Actor added: Richard Roundtree
INFO:root:No age found
INFO:root:No age found
INFO:root:No age found
ERROR:root:url access fail:[Errno 8] nodename nor servname provided, or not known
ERROR:root:url access fail:[Errno 8] nodename nor servname provided, or not known
ERROR:root:url access fail:[Errno 8] nodename nor servname provided, or not known
ERROR:root:url access fail:[Errno 8] nodename nor servname provided, or not known
ERROR:root:url access fail:[Errno 8] nodename nor servname provided, or not known
ERROR:root:url access fail:[Errno 8] nodename nor servname provided, or not known
ERROR:root:url access fail:[Errno 8] nodename nor servname provided, or not known
ERROR:root:url access fail:[Errno 8] nodename nor servname provided, or not known
ERROR:root:value error of year
INFO:root:Profit could not be found
ERROR:root:value error of year
INFO:root:Profit could not be found
ERROR:root:url access fail:[Errno 8] nodename nor servname provided, or not known
ERROR:root:url access fail:[Errno 8] nodename nor servname provided, or not known
ERROR:root:url access fail:[Errno 8] nodename nor servname provided, or not known
ERROR:root:url access fail:[Errno 8] nodename nor servname provided, or not known
INFO:root:Profit could not be found
INFO:root:Profit could not be found
INFO:root:Actor added: Meredith Baxter
INFO:root:Actor added: Michael Gross (actor)
INFO:root:Actor added: Michael J. Fox
INFO:root:Actor added: Justine Bateman
INFO:root:Actor added: Tina Yothers
INFO:root:Actor added: Brian Bonsall
INFO:root:No age found
ERROR:root:url access fail:[Errno 8] nodename nor servname provided, or not known
ERROR:root:url access fail:[Errno 8] nodename nor servname provided, or not known
ERROR:root:url access fail:[Errno 8] nodename nor servname provided, or not known
ERROR:root:url access fail:[Errno 8] nodename nor servname provided, or not known
ERROR:root:url access fail:[Errno 8] nodename nor servname provided, or not known
ERROR:root:url access fail:[Errno 8] nodename nor servname provided, or not known
ERROR:root:url access fail:[Errno 8] nodename nor servname provided, or not known
ERROR:root:url access fail:[Errno 8] nodename nor servname provided, or not known
ERROR:root:url access fail:[Errno 8] nodename nor servname provided, or not known
ERROR:root:url access fail:[Errno 8] nodename nor servname provided, or not known
INFO:root:Profit could not be found
INFO:root:Profit could not be found
ERROR:root:value error of year
INFO:root:Profit could not be found
ERROR:root:value error of year
INFO:root:Profit could not be found
ERROR:root:value error of year
INFO:root:Profit could not be found
ERROR:root:value error of year
INFO:root:Profit could not be found
INFO:root:Profit could not be found
INFO:root:Profit could not be found
INFO:root:Profit could not be found
INFO:root:Profit could not be found
ERROR:root:url access fail:[Errno 8] nodename nor servname provided, or not known
ERROR:root:url access fail:[Errno 8] nodename nor servname provided, or not known
ERROR:root:url access fail:[Errno 8] nodename nor servname provided, or not known
ERROR:root:url access fail:[Errno 8] nodename nor servname provided, or not known
ERROR:root:url access fail:[Errno 8] nodename nor servname provided, or not known
ERROR:root:url access fail:[Errno 8] nodename nor servname provided, or not known
ERROR:root:url access fail:[Errno 8] nodename nor servname provided, or not known
INFO:root:Profit could not be found
INFO:root:Profit could not be found
ERROR:root:url access fail:[Errno 8] nodename nor servname provided, or not known
ERROR:root:url access fail:[Errno 8] nodename nor servname provided, or not known
ERROR:root:url access fail:[Errno 8] nodename nor servname provided, or not known
ERROR:root:url access fail:[Errno 8] nodename nor servname provided, or not known
ERROR:root:url access fail:[Errno 8] nodename nor servname provided, or not known
ERROR:root:url access fail:[Errno 8] nodename nor servname provided, or not known
ERROR:root:url access fail:[Errno 8] nodename nor servname provided, or not known
ERROR:root:url access fail:[Errno 8] nodename nor servname provided, or not known
ERROR:root:url access fail:[Errno 8] nodename nor servname provided, or not known
ERROR:root:url access fail:[Errno 8] nodename nor servname provided, or not known
ERROR:root:url access fail:[Errno 8] nodename nor servname provided, or not known
INFO:root:Profit could not be found
INFO:root:Profit could not be found
ERROR:root:url access fail:[Errno 8] nodename nor servname provided, or not known
ERROR:root:url access fail:[Errno 8] nodename nor servname provided, or not known
ERROR:root:url access fail:[Errno 8] nodename nor servname provided, or not known
ERROR:root:url access fail:[Errno 8] nodename nor servname provided, or not known
INFO:root:Profit could not be found
INFO:root:Profit could not be found
INFO:root:Actor added: Max Julien
INFO:root:No age found
INFO:root:No age found
ERROR:root:url access fail:Not Found
INFO:root:No age found
ERROR:root:url access fail:Not Found
ERROR:root:url access fail:[Errno 8] nodename nor servname provided, or not known
ERROR:root:url access fail:[Errno 8] nodename nor servname provided, or not known
ERROR:root:url access fail:[Errno 8] nodename nor servname provided, or not known
ERROR:root:url access fail:[Errno 8] nodename nor servname provided, or not known
ERROR:root:url access fail:[Errno 8] nodename nor servname provided, or not known
ERROR:root:url access fail:[Errno 8] nodename nor servname provided, or not known
ERROR:root:url access fail:[Errno 8] nodename nor servname provided, or not known
ERROR:root:url access fail:[Errno 8] nodename nor servname provided, or not known
ERROR:root:url access fail:[Errno 8] nodename nor servname provided, or not known
ERROR:root:url access fail:[Errno 8] nodename nor servname provided, or not known
ERROR:root:url access fail:[Errno 8] nodename nor servname provided, or not known
ERROR:root:url access fail:[Errno 8] nodename nor servname provided, or not known
INFO:root:Profit could not be found
INFO:root:Profit could not be found
ERROR:root:url access fail:[Errno 8] nodename nor servname provided, or not known
ERROR:root:url access fail:[Errno 8] nodename nor servname provided, or not known
ERROR:root:url access fail:[Errno 8] nodename nor servname provided, or not known
ERROR:root:url access fail:[Errno 8] nodename nor servname provided, or not known
INFO:root:Profit could not be found
INFO:root:Profit could not be found
ERROR:root:url access fail:[Errno 8] nodename nor servname provided, or not known
ERROR:root:url access fail:[Errno 8] nodename nor servname provided, or not known
ERROR:root:url access fail:[Errno 8] nodename nor servname provided, or not known
ERROR:root:url access fail:[Errno 8] nodename nor servname provided, or not known
ERROR:root:url access fail:[Errno 8] nodename nor servname provided, or not known
ERROR:root:url access fail:[Errno 8] nodename nor servname provided, or not known
ERROR:root:url access fail:[Errno 8] nodename nor servname provided, or not known
ERROR:root:url access fail:[Errno 8] nodename nor servname provided, or not known
ERROR:root:url access fail:[Errno 8] nodename nor servname provided, or not known
INFO:root:Profit could not be found
INFO:root:Profit could not be found
ERROR:root:url access fail:[Errno 8] nodename nor servname provided, or not known
ERROR:root:url access fail:[Errno 8] nodename nor servname provided, or not known
ERROR:root:url access fail:[Errno 8] nodename nor servname provided, or not known
ERROR:root:url access fail:Not Found
ERROR:root:url access fail:[Errno 8] nodename nor servname provided, or not known
ERROR:root:url access fail:[Errno 8] nodename nor servname provided, or not known
ERROR:root:url access fail:[Errno 8] nodename nor servname provided, or not known
ERROR:root:url access fail:[Errno 8] nodename nor servname provided, or not known
ERROR:root:url access fail:[Errno 8] nodename nor servname provided, or not known
ERROR:root:url access fail:[Errno 8] nodename nor servname provided, or not known
ERROR:root:url access fail:[Errno 8] nodename nor servname provided, or not known
ERROR:root:url access fail:[Errno 8] nodename nor servname provided, or not known
ERROR:root:url access fail:[Errno 8] nodename nor servname provided, or not known
ERROR:root:url access fail:[Errno 8] nodename nor servname provided, or not known
ERROR:root:value error of year
INFO:root:Profit could not be found
ERROR:root:value error of year
INFO:root:Profit could not be found
INFO:root:Profit could not be found
INFO:root:Profit could not be found
ERROR:root:url access fail:[Errno 8] nodename nor servname provided, or not known
ERROR:root:value error of year
INFO:root:Profit could not be found
ERROR:root:value error of year
INFO:root:Profit could not be found
ERROR:root:url access fail:[Errno 8] nodename nor servname provided, or not known
ERROR:root:url access fail:[Errno 8] nodename nor servname provided, or not known
ERROR:root:url access fail:[Errno 8] nodename nor servname provided, or not known
ERROR:root:url access fail:[Errno 8] nodename nor servname provided, or not known
ERROR:root:url access fail:[Errno 8] nodename nor servname provided, or not known
ERROR:root:url access fail:[Errno 8] nodename nor servname provided, or not known
ERROR:root:url access fail:[Errno 8] nodename nor servname provided, or not known
ERROR:root:url access fail:[Errno 8] nodename nor servname provided, or not known
ERROR:root:url access fail:[Errno 8] nodename nor servname provided, or not known
ERROR:root:url access fail:[Errno 8] nodename nor servname provided, or not known
ERROR:root:url access fail:[Errno 8] nodename nor servname provided, or not known
ERROR:root:url access fail:[Errno 8] nodename nor servname provided, or not known
ERROR:root:url access fail:[Errno 8] nodename nor servname provided, or not known
ERROR:root:url access fail:[Errno 8] nodename nor servname provided, or not known
ERROR:root:url access fail:[Errno 8] nodename nor servname provided, or not known
ERROR:root:url access fail:[Errno 8] nodename nor servname provided, or not known
ERROR:root:url access fail:[Errno 8] nodename nor servname provided, or not known
ERROR:root:url access fail:[Errno 8] nodename nor servname provided, or not known
ERROR:root:url access fail:[Errno 8] nodename nor servname provided, or not known
ERROR:root:url access fail:[Errno 8] nodename nor servname provided, or not known
INFO:root:Profit could not be found
INFO:root:Profit could not be found
ERROR:root:url access fail:[Errno 8] nodename nor servname provided, or not known
INFO:root:Profit could not be found
INFO:root:Profit could not be found
INFO:root:Actor added: Jessica Harper
INFO:root:Actor added: Cliff DeYoung
INFO:root:Actor added: Richard O'Brien
INFO:root:Actor added: Patricia Quinn
INFO:root:Actor added: Nell Campbell
INFO:root:No age found
INFO:root:Actor added: Barry Humphries
INFO:root:Actor added: Ruby Wax
INFO:root:No age found
INFO:root:No age found
INFO:root:No age found
INFO:root:No age found
INFO:root:No age found
INFO:root:No age found
INFO:root:Actor added: Betsy Brantley
INFO:root:No age found
INFO:root:Actor added: Eugene Lipinski
INFO:root:Actor added: Gary Shail
INFO:root:Actor added: Gary Martin (actor)
INFO:root:Actor added: Gary Martin (actor)
INFO:root:Actor added: Gary Martin (actor)
INFO:root:Actor added: Gary Martin (actor)
INFO:root:Actor added: Sinitta
INFO:root:No age found
ERROR:root:url access fail:[Errno 8] nodename nor servname provided, or not known
ERROR:root:url access fail:[Errno 8] nodename nor servname provided, or not known
ERROR:root:url access fail:[Errno 8] nodename nor servname provided, or not known
INFO:root:Profit could not be found
INFO:root:Profit could not be found
ERROR:root:url access fail:[Errno 8] nodename nor servname provided, or not known
ERROR:root:url access fail:[Errno 8] nodename nor servname provided, or not known
ERROR:root:url access fail:[Errno 8] nodename nor servname provided, or not known
ERROR:root:url access fail:[Errno 8] nodename nor servname provided, or not known
ERROR:root:url access fail:[Errno 8] nodename nor servname provided, or not known
ERROR:root:url access fail:[Errno 8] nodename nor servname provided, or not known
ERROR:root:url access fail:[Errno 8] nodename nor servname provided, or not known
ERROR:root:url access fail:[Errno 8] nodename nor servname provided, or not known
ERROR:root:url access fail:[Errno 8] nodename nor servname provided, or not known
ERROR:root:value error of year
INFO:root:Profit could not be found
ERROR:root:value error of year
INFO:root:Profit could not be found
INFO:root:Profit could not be found
INFO:root:Profit could not be found
ERROR:root:url access fail:[Errno 8] nodename nor servname provided, or not known
ERROR:root:url access fail:[Errno 8] nodename nor servname provided, or not known
ERROR:root:url access fail:[Errno 8] nodename nor servname provided, or not known
ERROR:root:url access fail:[Errno 8] nodename nor servname provided, or not known
ERROR:root:url access fail:[Errno 8] nodename nor servname provided, or not known
ERROR:root:url access fail:[Errno 8] nodename nor servname provided, or not known
ERROR:root:url access fail:[Errno 8] nodename nor servname provided, or not known
ERROR:root:url access fail:[Errno 8] nodename nor servname provided, or not known
ERROR:root:url access fail:[Errno 8] nodename nor servname provided, or not known
ERROR:root:url access fail:[Errno 8] nodename nor servname provided, or not known
ERROR:root:url access fail:[Errno 8] nodename nor servname provided, or not known
ERROR:root:url access fail:[Errno 8] nodename nor servname provided, or not known
ERROR:root:url access fail:[Errno 8] nodename nor servname provided, or not known
ERROR:root:url access fail:[Errno 8] nodename nor servname provided, or not known
INFO:root:Profit could not be found
INFO:root:Profit could not be found
ERROR:root:url access fail:[Errno 8] nodename nor servname provided, or not known
ERROR:root:url access fail:[Errno 8] nodename nor servname provided, or not known
ERROR:root:url access fail:[Errno 8] nodename nor servname provided, or not known
ERROR:root:url access fail:[Errno 8] nodename nor servname provided, or not known
INFO:root:Profit could not be found
INFO:root:Profit could not be found
ERROR:root:url access fail:[Errno 8] nodename nor servname provided, or not known
ERROR:root:url access fail:[Errno 8] nodename nor servname provided, or not known
ERROR:root:url access fail:[Errno 8] nodename nor servname provided, or not known
ERROR:root:url access fail:[Errno 8] nodename nor servname provided, or not known
ERROR:root:url access fail:[Errno 8] nodename nor servname provided, or not known
ERROR:root:url access fail:[Errno 8] nodename nor servname provided, or not known
ERROR:root:url access fail:[Errno 8] nodename nor servname provided, or not known
ERROR:root:url access fail:[Errno 8] nodename nor servname provided, or not known
ERROR:root:url access fail:[Errno 8] nodename nor servname provided, or not known
ERROR:root:url access fail:[Errno 8] nodename nor servname provided, or not known
ERROR:root:url access fail:[Errno 8] nodename nor servname provided, or not known
INFO:root:Profit could not be found
INFO:root:Profit could not be found
ERROR:root:url access fail:[Errno 8] nodename nor servname provided, or not known
ERROR:root:url access fail:[Errno 8] nodename nor servname provided, or not known
ERROR:root:url access fail:[Errno 8] nodename nor servname provided, or not known
INFO:root:Profit could not be found
INFO:root:Profit could not be found
ERROR:root:url access fail:[Errno 8] nodename nor servname provided, or not known
ERROR:root:url access fail:[Errno 8] nodename nor servname provided, or not known
ERROR:root:url access fail:[Errno 8] nodename nor servname provided, or not known
ERROR:root:url access fail:[Errno 8] nodename nor servname provided, or not known
ERROR:root:url access fail:[Errno 8] nodename nor servname provided, or not known
ERROR:root:url access fail:[Errno 8] nodename nor servname provided, or not known
ERROR:root:url access fail:[Errno 8] nodename nor servname provided, or not known
ERROR:root:url access fail:[Errno 8] nodename nor servname provided, or not known
ERROR:root:url access fail:[Errno 8] nodename nor servname provided, or not known
ERROR:root:url access fail:[Errno 8] nodename nor servname provided, or not known
ERROR:root:url access fail:[Errno 8] nodename nor servname provided, or not known
ERROR:root:url access fail:[Errno 8] nodename nor servname provided, or not known
ERROR:root:url access fail:[Errno 8] nodename nor servname provided, or not known
ERROR:root:url access fail:[Errno 8] nodename nor servname provided, or not known
ERROR:root:url access fail:[Errno 8] nodename nor servname provided, or not known
ERROR:root:url access fail:[Errno 8] nodename nor servname provided, or not known
ERROR:root:url access fail:[Errno 8] nodename nor servname provided, or not known
ERROR:root:url access fail:[Errno 8] nodename nor servname provided, or not known
ERROR:root:url access fail:[Errno 8] nodename nor servname provided, or not known
ERROR:root:url access fail:[Errno 8] nodename nor servname provided, or not known
ERROR:root:url access fail:[Errno 8] nodename nor servname provided, or not known
ERROR:root:url access fail:[Errno 8] nodename nor servname provided, or not known
ERROR:root:value error of year
ERROR:root:value error of year
INFO:root:Profit could not be found
ERROR:root:value error of year
ERROR:root:value error of year
INFO:root:Profit could not be found
ERROR:root:url access fail:[Errno 8] nodename nor servname provided, or not known
ERROR:root:value error of year
INFO:root:Profit could not be found
ERROR:root:value error of year
INFO:root:Profit could not be found
ERROR:root:url access fail:[Errno 8] nodename nor servname provided, or not known
ERROR:root:url access fail:[Errno 8] nodename nor servname provided, or not known
ERROR:root:url access fail:[Errno 8] nodename nor servname provided, or not known
ERROR:root:url access fail:[Errno 8] nodename nor servname provided, or not known
INFO:root:Actor added: Clint Eastwood
INFO:root:Actor added: Andrew Robinson (actor)
INFO:root:No age found
INFO:root:Actor added: Reni Santoni
INFO:root:No age found
INFO:root:No age found
INFO:root:No age found
INFO:root:No age found
INFO:root:Actor added: Josef Sommer
INFO:root:No age found
INFO:root:No age found
INFO:root:No age found
INFO:root:No age found
INFO:root:No age found
INFO:root:No age found
INFO:root:Actor added: Joel Kinnaman
INFO:root:Actor added: Gary Oldman
INFO:root:Actor added: Michael Keaton
INFO:root:Actor added: Samuel L. Jackson
INFO:root:Actor added: Abbie Cornish
INFO:root:Actor added: Jackie Earle Haley
INFO:root:Actor added: Michael K. Williams
INFO:root:Actor added: Jennifer Ehle
INFO:root:Actor added: Jay Baruchel
INFO:root:Actor added: Aimee Garcia
INFO:root:Actor added: John Paul Ruttan
INFO:root:Profit could not be found
INFO:root:Profit could not be found
ERROR:root:url access fail:[Errno 8] nodename nor servname provided, or not known
ERROR:root:url access fail:[Errno 8] nodename nor servname provided, or not known
INFO:root:Profit could not be found
INFO:root:Profit could not be found
INFO:root:No age found
INFO:root:No age found
INFO:root:Actor added: Raffaele Pisu
INFO:root:No age found
INFO:root:No age found
INFO:root:No age found
ERROR:root:url access fail:Not Found
INFO:root:No age found
INFO:root:No age found
INFO:root:Actor added: Lev Prygunov
ERROR:root:url access fail:Not Found
ERROR:root:url access fail:Not Found
INFO:root:No age found
ERROR:root:url access fail:Not Found
ERROR:root:url access fail:Not Found
ERROR:root:url access fail:[Errno 8] nodename nor servname provided, or not known
ERROR:root:url access fail:[Errno 8] nodename nor servname provided, or not known
ERROR:root:url access fail:[Errno 8] nodename nor servname provided, or not known
ERROR:root:url access fail:[Errno 8] nodename nor servname provided, or not known
ERROR:root:url access fail:[Errno 8] nodename nor servname provided, or not known
ERROR:root:url access fail:[Errno 8] nodename nor servname provided, or not known
ERROR:root:url access fail:[Errno 8] nodename nor servname provided, or not known
ERROR:root:url access fail:[Errno 8] nodename nor servname provided, or not known
ERROR:root:url access fail:[Errno 8] nodename nor servname provided, or not known
ERROR:root:url access fail:[Errno 8] nodename nor servname provided, or not known
ERROR:root:url access fail:[Errno 8] nodename nor servname provided, or not known
INFO:root:Profit could not be found
INFO:root:Profit could not be found
ERROR:root:url access fail:[Errno 8] nodename nor servname provided, or not known
ERROR:root:url access fail:[Errno 8] nodename nor servname provided, or not known
ERROR:root:url access fail:[Errno 8] nodename nor servname provided, or not known
ERROR:root:url access fail:[Errno 8] nodename nor servname provided, or not known
ERROR:root:url access fail:[Errno 8] nodename nor servname provided, or not known
ERROR:root:url access fail:[Errno 8] nodename nor servname provided, or not known
ERROR:root:url access fail:[Errno 8] nodename nor servname provided, or not known
ERROR:root:url access fail:[Errno 8] nodename nor servname provided, or not known
INFO:root:Profit could not be found
INFO:root:Profit could not be found
ERROR:root:value error of year
INFO:root:Profit could not be found
ERROR:root:value error of year
INFO:root:Profit could not be found
ERROR:root:url access fail:[Errno 8] nodename nor servname provided, or not known
ERROR:root:url access fail:[Errno 8] nodename nor servname provided, or not known
ERROR:root:url access fail:[Errno 8] nodename nor servname provided, or not known
INFO:root:Profit could not be found
INFO:root:Profit could not be found
ERROR:root:url access fail:[Errno 8] nodename nor servname provided, or not known
ERROR:root:url access fail:[Errno 8] nodename nor servname provided, or not known
ERROR:root:url access fail:[Errno 8] nodename nor servname provided, or not known
ERROR:root:url access fail:[Errno 8] nodename nor servname provided, or not known
ERROR:root:url access fail:[Errno 8] nodename nor servname provided, or not known
ERROR:root:url access fail:[Errno 8] nodename nor servname provided, or not known
ERROR:root:url access fail:[Errno 8] nodename nor servname provided, or not known
ERROR:root:url access fail:[Errno 8] nodename nor servname provided, or not known
ERROR:root:url access fail:[Errno 8] nodename nor servname provided, or not known
ERROR:root:url access fail:[Errno 8] nodename nor servname provided, or not known
INFO:root:Profit could not be found
INFO:root:Profit could not be found
ERROR:root:url access fail:[Errno 8] nodename nor servname provided, or not known
ERROR:root:url access fail:[Errno 8] nodename nor servname provided, or not known
ERROR:root:url access fail:[Errno 8] nodename nor servname provided, or not known
ERROR:root:url access fail:[Errno 8] nodename nor servname provided, or not known
ERROR:root:url access fail:[Errno 8] nodename nor servname provided, or not known
ERROR:root:url access fail:[Errno 8] nodename nor servname provided, or not known
ERROR:root:url access fail:[Errno 8] nodename nor servname provided, or not known
ERROR:root:url access fail:[Errno 8] nodename nor servname provided, or not known
ERROR:root:url access fail:[Errno 8] nodename nor servname provided, or not known
ERROR:root:url access fail:[Errno 8] nodename nor servname provided, or not known
ERROR:root:url access fail:[Errno 8] nodename nor servname provided, or not known
ERROR:root:url access fail:[Errno 8] nodename nor servname provided, or not known
INFO:root:Profit could not be found
INFO:root:Profit could not be found
ERROR:root:url access fail:[Errno 8] nodename nor servname provided, or not known
ERROR:root:url access fail:[Errno 8] nodename nor servname provided, or not known
ERROR:root:url access fail:[Errno 8] nodename nor servname provided, or not known
INFO:root:Profit could not be found
INFO:root:Profit could not be found
ERROR:root:url access fail:[Errno 8] nodename nor servname provided, or not known
ERROR:root:url access fail:[Errno 8] nodename nor servname provided, or not known
ERROR:root:url access fail:[Errno 8] nodename nor servname provided, or not known
INFO:root:No age found
INFO:root:Actor added: Alan Cumming
INFO:root:Actor added: Andrew Knott
INFO:root:Actor added: Sean Bean
INFO:root:Actor added: David Thewlis
INFO:root:Actor added: Jim Carter (actor)
INFO:root:Actor added: Peter Davison
INFO:root:Actor added: Alun Armstrong
INFO:root:Actor added: John McEnery
INFO:root:Actor added: Eleanor Bron
INFO:root:No age found
INFO:root:No age found
INFO:root:No age found
ERROR:root:url access fail:[Errno 8] nodename nor servname provided, or not known
ERROR:root:url access fail:[Errno 8] nodename nor servname provided, or not known
ERROR:root:url access fail:[Errno 8] nodename nor servname provided, or not known
INFO:root:Actor added: Mary Stuart Masterson
INFO:root:Actor added: James Earl Jones
INFO:root:No age found
INFO:root:No age found
INFO:root:Actor added: Pamela Payton-Wright
INFO:root:Actor added: Peter Michael Goetz
INFO:root:Actor added: Jennifer Lopez
INFO:root:Actor added: Erika Alexander
ERROR:root:url access fail:[Errno 8] nodename nor servname provided, or not known
ERROR:root:url access fail:[Errno 8] nodename nor servname provided, or not known
ERROR:root:url access fail:[Errno 8] nodename nor servname provided, or not known
ERROR:root:url access fail:[Errno 8] nodename nor servname provided, or not known
ERROR:root:url access fail:[Errno 8] nodename nor servname provided, or not known
ERROR:root:url access fail:[Errno 8] nodename nor servname provided, or not known
ERROR:root:url access fail:[Errno 8] nodename nor servname provided, or not known
ERROR:root:url access fail:[Errno 8] nodename nor servname provided, or not known
ERROR:root:url access fail:[Errno 8] nodename nor servname provided, or not known
ERROR:root:url access fail:[Errno 8] nodename nor servname provided, or not known
INFO:root:Actor added: Eddie Murphy
INFO:root:Actor added: Raven-Symoné
INFO:root:Actor added: Jeffrey Jones
INFO:root:No age found
INFO:root:Actor added: Michelle Vieth
INFO:root:Actor added: César Évora
INFO:root:Actor added: Francisco Gattorno
INFO:root:Actor added: Susana González
INFO:root:Actor added: Andy Richter
INFO:root:Actor added: Kevin Pollak
INFO:root:Actor added: Kristen Wilson
INFO:root:Actor added: Kyla Pratt
INFO:root:Actor added: Lil Zane
INFO:root:Actor added: Mark Griffin (actor)
INFO:root:Actor added: Ken Hudson Campbell
INFO:root:Actor added: Victor Raider-Wexler
INFO:root:Actor added: Lawrence Pressman
INFO:root:No age found
INFO:root:No age found
ERROR:root:url access fail:Not Found
INFO:root:Profit could not be found
INFO:root:Profit could not be found
INFO:root:Actor added: Bruce Willis
INFO:root:Actor added: Kim Basinger
INFO:root:Actor added: John Larroquette
INFO:root:Actor added: William Daniels
INFO:root:No age found
INFO:root:Actor added: Mark Blum
INFO:root:No age found
INFO:root:No age found
INFO:root:Actor added: Alice Hirson
INFO:root:Actor added: Stanley Jordan
INFO:root:No age found
INFO:root:Actor added: Joyce Van Patten
INFO:root:Actor added: Barry Sobel
INFO:root:Actor added: Armin Shimerman
INFO:root:Actor added: Brian George
INFO:root:Actor added: Jeannie Elias
INFO:root:No age found
INFO:root:Actor added: Sab Shimono
ERROR:root:url access fail:Not Found
ERROR:root:url access fail:Not Found
INFO:root:No age found
ERROR:root:value error of year
ERROR:root:value error of year
INFO:root:Profit could not be found
ERROR:root:value error of year
ERROR:root:value error of year
INFO:root:Profit could not be found
ERROR:root:url access fail:[Errno 8] nodename nor servname provided, or not known
ERROR:root:url access fail:[Errno 8] nodename nor servname provided, or not known
ERROR:root:value error of year
INFO:root:Profit could not be found
ERROR:root:value error of year
INFO:root:Profit could not be found
ERROR:root:url access fail:[Errno 8] nodename nor servname provided, or not known
ERROR:root:url access fail:[Errno 8] nodename nor servname provided, or not known
ERROR:root:url access fail:[Errno 8] nodename nor servname provided, or not known
ERROR:root:url access fail:[Errno 8] nodename nor servname provided, or not known
ERROR:root:url access fail:[Errno 8] nodename nor servname provided, or not known
ERROR:root:url access fail:[Errno 8] nodename nor servname provided, or not known
ERROR:root:url access fail:[Errno 8] nodename nor servname provided, or not known
INFO:root:Profit could not be found
INFO:root:Profit could not be found
INFO:root:Actor added: Michael Moriarty
INFO:root:Actor added: Robert De Niro
INFO:root:No age found
INFO:root:No age found
INFO:root:Actor added: Heather MacRae
INFO:root:No age found
INFO:root:Actor added: Tom Ligon
INFO:root:Actor added: Danny Aiello
INFO:root:No age found
INFO:root:Actor added: Barbara Babcock
INFO:root:No age found
ERROR:root:url access fail:[Errno 8] nodename nor servname provided, or not known
ERROR:root:url access fail:[Errno 8] nodename nor servname provided, or not known
ERROR:root:value error of year
INFO:root:Profit could not be found
ERROR:root:value error of year
INFO:root:Profit could not be found
ERROR:root:value error of year
INFO:root:Profit could not be found
ERROR:root:value error of year
INFO:root:Profit could not be found
ERROR:root:url access fail:[Errno 8] nodename nor servname provided, or not known
ERROR:root:url access fail:[Errno 8] nodename nor servname provided, or not known
ERROR:root:url access fail:[Errno 8] nodename nor servname provided, or not known
ERROR:root:url access fail:[Errno 8] nodename nor servname provided, or not known
ERROR:root:url access fail:[Errno 8] nodename nor servname provided, or not known
ERROR:root:url access fail:[Errno 8] nodename nor servname provided, or not known
ERROR:root:url access fail:[Errno 8] nodename nor servname provided, or not known
INFO:root:Profit could not be found
INFO:root:Profit could not be found
ERROR:root:url access fail:[Errno 8] nodename nor servname provided, or not known
ERROR:root:url access fail:[Errno 8] nodename nor servname provided, or not known
ERROR:root:url access fail:[Errno 8] nodename nor servname provided, or not known
ERROR:root:url access fail:[Errno 8] nodename nor servname provided, or not known
ERROR:root:url access fail:[Errno 8] nodename nor servname provided, or not known
ERROR:root:url access fail:[Errno 8] nodename nor servname provided, or not known
ERROR:root:url access fail:[Errno 8] nodename nor servname provided, or not known
ERROR:root:url access fail:[Errno 8] nodename nor servname provided, or not known
ERROR:root:url access fail:[Errno 8] nodename nor servname provided, or not known
ERROR:root:url access fail:[Errno 8] nodename nor servname provided, or not known
ERROR:root:url access fail:[Errno 8] nodename nor servname provided, or not known
ERROR:root:url access fail:[Errno 8] nodename nor servname provided, or not known
ERROR:root:url access fail:[Errno 8] nodename nor servname provided, or not known
ERROR:root:value error of year
INFO:root:Profit could not be found
ERROR:root:value error of year
INFO:root:Profit could not be found
ERROR:root:url access fail:[Errno 8] nodename nor servname provided, or not known
ERROR:root:url access fail:[Errno 8] nodename nor servname provided, or not known
ERROR:root:url access fail:[Errno 8] nodename nor servname provided, or not known
ERROR:root:url access fail:[Errno 8] nodename nor servname provided, or not known
ERROR:root:url access fail:[Errno 8] nodename nor servname provided, or not known
ERROR:root:url access fail:[Errno 8] nodename nor servname provided, or not known
ERROR:root:url access fail:[Errno 8] nodename nor servname provided, or not known
ERROR:root:url access fail:[Errno 8] nodename nor servname provided, or not known
ERROR:root:url access fail:[Errno 8] nodename nor servname provided, or not known
ERROR:root:url access fail:[Errno 8] nodename nor servname provided, or not known
ERROR:root:url access fail:[Errno 8] nodename nor servname provided, or not known
ERROR:root:url access fail:[Errno 8] nodename nor servname provided, or not known
ERROR:root:url access fail:[Errno 8] nodename nor servname provided, or not known
ERROR:root:url access fail:[Errno 8] nodename nor servname provided, or not known
ERROR:root:url access fail:[Errno 8] nodename nor servname provided, or not known
ERROR:root:url access fail:[Errno 8] nodename nor servname provided, or not known
ERROR:root:url access fail:[Errno 8] nodename nor servname provided, or not known
ERROR:root:value error of year
INFO:root:Profit could not be found
ERROR:root:value error of year
INFO:root:Profit could not be found
INFO:root:Profit could not be found
INFO:root:Profit could not be found
INFO:root:Profit could not be found
INFO:root:Profit could not be found
ERROR:root:url access fail:[Errno 8] nodename nor servname provided, or not known
ERROR:root:url access fail:[Errno 8] nodename nor servname provided, or not known
ERROR:root:url access fail:[Errno 8] nodename nor servname provided, or not known
ERROR:root:url access fail:[Errno 8] nodename nor servname provided, or not known
ERROR:root:url access fail:[Errno 8] nodename nor servname provided, or not known
ERROR:root:url access fail:[Errno 8] nodename nor servname provided, or not known
ERROR:root:url access fail:[Errno 8] nodename nor servname provided, or not known
ERROR:root:url access fail:[Errno 8] nodename nor servname provided, or not known
ERROR:root:url access fail:[Errno 8] nodename nor servname provided, or not known
ERROR:root:url access fail:[Errno 8] nodename nor servname provided, or not known
ERROR:root:url access fail:[Errno 8] nodename nor servname provided, or not known
INFO:root:Profit could not be found
INFO:root:Profit could not be found
ERROR:root:url access fail:[Errno 8] nodename nor servname provided, or not known
ERROR:root:url access fail:[Errno 8] nodename nor servname provided, or not known
ERROR:root:url access fail:[Errno 8] nodename nor servname provided, or not known
ERROR:root:url access fail:[Errno 8] nodename nor servname provided, or not known
ERROR:root:url access fail:[Errno 8] nodename nor servname provided, or not known
ERROR:root:url access fail:[Errno 8] nodename nor servname provided, or not known
ERROR:root:url access fail:[Errno 8] nodename nor servname provided, or not known
ERROR:root:url access fail:[Errno 8] nodename nor servname provided, or not known
ERROR:root:url access fail:[Errno 8] nodename nor servname provided, or not known
ERROR:root:url access fail:[Errno 8] nodename nor servname provided, or not known
ERROR:root:url access fail:[Errno 8] nodename nor servname provided, or not known
ERROR:root:url access fail:[Errno 8] nodename nor servname provided, or not known
ERROR:root:url access fail:[Errno 8] nodename nor servname provided, or not known
ERROR:root:url access fail:[Errno 8] nodename nor servname provided, or not known
ERROR:root:url access fail:[Errno 8] nodename nor servname provided, or not known
ERROR:root:url access fail:[Errno 8] nodename nor servname provided, or not known
ERROR:root:url access fail:[Errno 8] nodename nor servname provided, or not known
ERROR:root:value error of year
INFO:root:Profit could not be found
ERROR:root:value error of year
INFO:root:Profit could not be found
ERROR:root:url access fail:[Errno 8] nodename nor servname provided, or not known
ERROR:root:url access fail:[Errno 8] nodename nor servname provided, or not known
ERROR:root:url access fail:[Errno 8] nodename nor servname provided, or not known
ERROR:root:url access fail:[Errno 8] nodename nor servname provided, or not known
INFO:root:Profit could not be found
INFO:root:Profit could not be found
INFO:root:end scraping
INFO:root:graph and json file built
